INFO:root:WN: coffeecoffee1.0
INFO:root:Spacy: coffeecoffee1.0000000223904506
INFO:root:WN: coffeecafe0.07692307692307693
INFO:root:Spacy: coffeecafe0.8727429325328215
INFO:root:WN: coffeecoffee1.0
INFO:root:Spacy: coffeecoffee0.999999961944492
INFO:root:WN: coffeecafe0.07692307692307693
INFO:root:Spacy: coffeecafe0.9732032328784395
INFO:root:WN: coffeecoffee1.0
INFO:root:Spacy: coffeecoffee0.999999966684472
INFO:root:WN: coffeecafe0.07692307692307693
INFO:root:Spacy: coffeecafe0.9804841156440387
INFO:root:WN: coffeecoffee1.0
INFO:root:Spacy: coffeecoffee1.0000000202491612
INFO:root:WN: coffeecafe0.07692307692307693
INFO:root:Spacy: coffeecafe0.9164156411049866
INFO:root:WN: coffeecoffee1.0
INFO:root:Spacy: coffeecoffee1.0000000202491612
INFO:root:WN: coffeecafe0.07692307692307693
INFO:root:Spacy: coffeecafe0.9164156411049866
INFO:root:WN: cafecoffee0.07692307692307693
INFO:root:Spacy: cafecoffee0.9164156411049866
INFO:root:WN: cafecafe1.0
INFO:root:Spacy: cafecafe1.0000000407363179
INFO:root:WN: coffeecoffee1.0
INFO:root:Spacy: coffeecoffee1.0
INFO:root:WN: coffeecafe0.07692307692307693
INFO:root:Spacy: coffeecafe0.6518094380554857
INFO:root:WN: cafecoffee0.07692307692307693
INFO:root:Spacy: cafecoffee0.6518094380554857
INFO:root:WN: cafecafe1.0
INFO:root:Spacy: cafecafe1.0
